Determining if the pthread_create exist failed with the following output:
Change Dir: /home/oshi/SLAM/Sensor_Fusion/SFND_Lidar_Obstacle_Detection/src/quiz/ransac/build/CMakeFiles/CMakeTmp

Run Build Command:"/usr/bin/make" "cmTC_3d2cb/fast"
/usr/bin/make -f CMakeFiles/cmTC_3d2cb.dir/build.make CMakeFiles/cmTC_3d2cb.dir/build
make[1]: Entering directory '/home/oshi/SLAM/Sensor_Fusion/SFND_Lidar_Obstacle_Detection/src/quiz/ransac/build/CMakeFiles/CMakeTmp'
Building C object CMakeFiles/cmTC_3d2cb.dir/CheckSymbolExists.c.o
/usr/bin/cc    -o CMakeFiles/cmTC_3d2cb.dir/CheckSymbolExists.c.o   -c /home/oshi/SLAM/Sensor_Fusion/SFND_Lidar_Obstacle_Detection/src/quiz/ransac/build/CMakeFiles/CMakeTmp/CheckSymbolExists.c
Linking C executable cmTC_3d2cb
/usr/bin/cmake -E cmake_link_script CMakeFiles/cmTC_3d2cb.dir/link.txt --verbose=1
/usr/bin/cc      -rdynamic CMakeFiles/cmTC_3d2cb.dir/CheckSymbolExists.c.o  -o cmTC_3d2cb 
CMakeFiles/cmTC_3d2cb.dir/CheckSymbolExists.c.o: In function `main':
CheckSymbolExists.c:(.text+0x1b): undefined reference to `pthread_create'
collect2: error: ld returned 1 exit status
CMakeFiles/cmTC_3d2cb.dir/build.make:97: recipe for target 'cmTC_3d2cb' failed
make[1]: *** [cmTC_3d2cb] Error 1
make[1]: Leaving directory '/home/oshi/SLAM/Sensor_Fusion/SFND_Lidar_Obstacle_Detection/src/quiz/ransac/build/CMakeFiles/CMakeTmp'
Makefile:126: recipe for target 'cmTC_3d2cb/fast' failed
make: *** [cmTC_3d2cb/fast] Error 2

File /home/oshi/SLAM/Sensor_Fusion/SFND_Lidar_Obstacle_Detection/src/quiz/ransac/build/CMakeFiles/CMakeTmp/CheckSymbolExists.c:
/* */
#include <pthread.h>

int main(int argc, char** argv)
{
  (void)argv;
#ifndef pthread_create
  return ((int*)(&pthread_create))[argc];
#else
  (void)argc;
  return 0;
#endif
}

Determining if the function pthread_create exists in the pthreads failed with the following output:
Change Dir: /home/oshi/SLAM/Sensor_Fusion/SFND_Lidar_Obstacle_Detection/src/quiz/ransac/build/CMakeFiles/CMakeTmp

Run Build Command:"/usr/bin/make" "cmTC_47e13/fast"
/usr/bin/make -f CMakeFiles/cmTC_47e13.dir/build.make CMakeFiles/cmTC_47e13.dir/build
make[1]: Entering directory '/home/oshi/SLAM/Sensor_Fusion/SFND_Lidar_Obstacle_Detection/src/quiz/ransac/build/CMakeFiles/CMakeTmp'
Building C object CMakeFiles/cmTC_47e13.dir/CheckFunctionExists.c.o
/usr/bin/cc   -DCHECK_FUNCTION_EXISTS=pthread_create   -o CMakeFiles/cmTC_47e13.dir/CheckFunctionExists.c.o   -c /usr/share/cmake-3.10/Modules/CheckFunctionExists.c
Linking C executable cmTC_47e13
/usr/bin/cmake -E cmake_link_script CMakeFiles/cmTC_47e13.dir/link.txt --verbose=1
/usr/bin/cc  -DCHECK_FUNCTION_EXISTS=pthread_create    -rdynamic CMakeFiles/cmTC_47e13.dir/CheckFunctionExists.c.o  -o cmTC_47e13 -lpthreads 
/usr/bin/ld: cannot find -lpthreads
collect2: error: ld returned 1 exit status
CMakeFiles/cmTC_47e13.dir/build.make:97: recipe for target 'cmTC_47e13' failed
make[1]: *** [cmTC_47e13] Error 1
make[1]: Leaving directory '/home/oshi/SLAM/Sensor_Fusion/SFND_Lidar_Obstacle_Detection/src/quiz/ransac/build/CMakeFiles/CMakeTmp'
Makefile:126: recipe for target 'cmTC_47e13/fast' failed
make: *** [cmTC_47e13/fast] Error 2


